11:31:12.449 [main] INFO  com.NewAutomationProject.testCases.TC_001_RahulShettyPage_Test - successfully got the size of all the checkBoxes
11:31:13.177 [main] INFO  com.NewAutomationProject.testCases.TC_001_RahulShettyPage_Test - successfully has selected the all the last two checkboxes
11:31:13.304 [main] INFO  com.NewAutomationProject.testCases.TC_001_RahulShettyPage_Test - successfully clicked on the alert
11:31:13.379 [main] INFO  com.NewAutomationProject.testCases.TC_001_RahulShettyPage_Test - successfully has scrolled upto the webtable text
11:31:13.414 [main] INFO  com.NewAutomationProject.testCases.TC_001_RahulShettyPage_Test - successfully got the size of the WebTable
11:31:14.343 [main] INFO  com.NewAutomationProject.testCases.TC_001_RahulShettyPage_Test - successfully got the size of the Webtable
11:31:14.370 [main] INFO  com.NewAutomationProject.testCases.TC_001_RahulShettyPage_Test - successfully got the specific data from the webtable and printed it successfully
11:31:45.074 [main] INFO  com.NewAutomationProject.testCases.TC_001_RahulShettyPage_Test - successfully got the values which is belongs to the specific column value
11:31:45.100 [main] INFO  com.NewAutomationProject.testCases.TC_001_RahulShettyPage_Test - successfully has scrolled uptp the text of mouse Hover
11:31:46.480 [main] INFO  com.NewAutomationProject.testCases.TC_001_RahulShettyPage_Test - successfully has performed the mouse hover action using the actions class on the webpage
11:31:46.522 [main] INFO  com.NewAutomationProject.testCases.TC_001_RahulShettyPage_Test - successfully got the total numbers of the links on the webtable
11:31:47.147 [main] INFO  com.NewAutomationProject.testCases.TC_001_RahulShettyPage_Test - successfully got the text of the links on the webpage
11:31:47.165 [main] INFO  com.NewAutomationProject.testCases.TC_001_RahulShettyPage_Test - successfully got the cookies and its values which are on the webpage
11:31:47.203 [main] INFO  com.NewAutomationProject.testCases.TC_001_RahulShettyPage_Test - successfully has switched into the frame
11:31:47.739 [main] INFO  com.NewAutomationProject.testCases.TC_001_RahulShettyPage_Test - successfully clicked on the courses link on the webtable
11:32:20.442 [main] INFO  com.NewAutomationProject.testCases.TC_001_RahulShettyPage_Test - successfully has checked the broken links on the webpage
11:32:20.450 [main] INFO  com.NewAutomationProject.testCases.TC_001_RahulShettyPage_Test - successfully has verified the broken links on the webpage
11:32:20.482 [main] INFO  com.NewAutomationProject.testCases.TC_001_RahulShettyPage_Test - successfully has scrolled the page till the bottom of it
11:33:20.630 [main] INFO  com.NewAutomationProject.testCases.TC_001_RahulShettyPage_Test - successfully handled the last column and count the addition and the average of that
11:37:59.846 [main] INFO  com.NewAutomationProject.testCases.TC_001_RahulShettyPage_Test - successfully checked that radio button is selcted or not on the webpage
11:37:59.870 [main] INFO  com.NewAutomationProject.testCases.TC_001_RahulShettyPage_Test - successfully got the title of the webpage
11:37:59.940 [main] INFO  com.NewAutomationProject.testCases.TC_001_RahulShettyPage_Test - successfully handled the home button in order to is it enabled or disabled
11:38:00.041 [main] INFO  com.NewAutomationProject.testCases.TC_001_RahulShettyPage_Test - successfully is handled that page is displaying or not
11:38:00.067 [main] INFO  com.NewAutomationProject.testCases.TC_001_RahulShettyPage_Test - successfully has performed all the raddio button operations
11:38:00.263 [main] INFO  com.NewAutomationProject.testCases.TC_001_RahulShettyPage_Test - successfully has selected the second radion button
11:38:00.422 [main] INFO  com.NewAutomationProject.testCases.TC_001_RahulShettyPage_Test - successfully got the size of all the checkBoxes
11:38:00.670 [main] INFO  com.NewAutomationProject.testCases.TC_001_RahulShettyPage_Test - successfully has selected the all the last two checkboxes
11:38:00.780 [main] INFO  com.NewAutomationProject.testCases.TC_001_RahulShettyPage_Test - successfully clicked on the alert
11:38:00.849 [main] INFO  com.NewAutomationProject.testCases.TC_001_RahulShettyPage_Test - successfully has scrolled upto the webtable text
11:38:00.873 [main] INFO  com.NewAutomationProject.testCases.TC_001_RahulShettyPage_Test - successfully got the size of the WebTable
11:38:01.737 [main] INFO  com.NewAutomationProject.testCases.TC_001_RahulShettyPage_Test - successfully got the size of the Webtable
11:38:01.759 [main] INFO  com.NewAutomationProject.testCases.TC_001_RahulShettyPage_Test - successfully got the specific data from the webtable and printed it successfully
11:38:32.626 [main] INFO  com.NewAutomationProject.testCases.TC_001_RahulShettyPage_Test - successfully got the values which is belongs to the specific column value
11:38:32.654 [main] INFO  com.NewAutomationProject.testCases.TC_001_RahulShettyPage_Test - successfully has scrolled uptp the text of mouse Hover
