11:38:34.713 [main] INFO  com.NewAutomationProject.testCases.TC_001_RahulShettyPage_Test - successfully has performed the mouse hover action using the actions class on the webpage
11:38:34.752 [main] INFO  com.NewAutomationProject.testCases.TC_001_RahulShettyPage_Test - successfully got the total numbers of the links on the webtable
11:38:35.165 [main] INFO  com.NewAutomationProject.testCases.TC_001_RahulShettyPage_Test - successfully got the text of the links on the webpage
11:38:35.183 [main] INFO  com.NewAutomationProject.testCases.TC_001_RahulShettyPage_Test - successfully got the cookies and its values which are on the webpage
11:38:35.231 [main] INFO  com.NewAutomationProject.testCases.TC_001_RahulShettyPage_Test - successfully has switched into the frame
11:38:35.710 [main] INFO  com.NewAutomationProject.testCases.TC_001_RahulShettyPage_Test - successfully clicked on the courses link on the webtable
11:39:08.064 [main] INFO  com.NewAutomationProject.testCases.TC_001_RahulShettyPage_Test - successfully has checked the broken links on the webpage
11:39:08.065 [main] INFO  com.NewAutomationProject.testCases.TC_001_RahulShettyPage_Test - successfully has verified the broken links on the webpage
11:39:08.092 [main] INFO  com.NewAutomationProject.testCases.TC_001_RahulShettyPage_Test - successfully has scrolled the page till the bottom of it
11:40:08.191 [main] INFO  com.NewAutomationProject.testCases.TC_001_RahulShettyPage_Test - successfully handled the last column and count the addition and the average of that
09:52:28.651 [main] INFO  com.NewAutomationProject.testCases.TC_001_RahulShettyPage_Test - successfully checked that radio button is selcted or not on the webpage
09:52:28.675 [main] INFO  com.NewAutomationProject.testCases.TC_001_RahulShettyPage_Test - successfully got the title of the webpage
09:52:28.746 [main] INFO  com.NewAutomationProject.testCases.TC_001_RahulShettyPage_Test - successfully handled the home button in order to is it enabled or disabled
09:52:28.887 [main] INFO  com.NewAutomationProject.testCases.TC_001_RahulShettyPage_Test - successfully is handled that page is displaying or not
09:52:28.918 [main] INFO  com.NewAutomationProject.testCases.TC_001_RahulShettyPage_Test - successfully has performed all the raddio button operations
09:52:29.143 [main] INFO  com.NewAutomationProject.testCases.TC_001_RahulShettyPage_Test - successfully has selected the second radion button
09:52:29.283 [main] INFO  com.NewAutomationProject.testCases.TC_001_RahulShettyPage_Test - successfully got the size of all the checkBoxes
09:52:29.487 [main] INFO  com.NewAutomationProject.testCases.TC_001_RahulShettyPage_Test - successfully has selected the all the last two checkboxes
09:52:29.595 [main] INFO  com.NewAutomationProject.testCases.TC_001_RahulShettyPage_Test - successfully clicked on the alert
09:52:29.673 [main] INFO  com.NewAutomationProject.testCases.TC_001_RahulShettyPage_Test - successfully has scrolled upto the webtable text
09:52:29.700 [main] INFO  com.NewAutomationProject.testCases.TC_001_RahulShettyPage_Test - successfully got the size of the WebTable
09:52:30.609 [main] INFO  com.NewAutomationProject.testCases.TC_001_RahulShettyPage_Test - successfully got the size of the Webtable
09:52:30.635 [main] INFO  com.NewAutomationProject.testCases.TC_001_RahulShettyPage_Test - successfully got the specific data from the webtable and printed it successfully
09:53:01.773 [main] INFO  com.NewAutomationProject.testCases.TC_001_RahulShettyPage_Test - successfully got the values which is belongs to the specific column value
09:53:01.802 [main] INFO  com.NewAutomationProject.testCases.TC_001_RahulShettyPage_Test - successfully has scrolled uptp the text of mouse Hover
09:53:03.412 [main] INFO  com.NewAutomationProject.testCases.TC_001_RahulShettyPage_Test - successfully has performed the mouse hover action using the actions class on the webpage
09:53:03.439 [main] INFO  com.NewAutomationProject.testCases.TC_001_RahulShettyPage_Test - successfully got the total numbers of the links on the webtable
09:53:03.858 [main] INFO  com.NewAutomationProject.testCases.TC_001_RahulShettyPage_Test - successfully got the text of the links on the webpage
09:53:03.878 [main] INFO  com.NewAutomationProject.testCases.TC_001_RahulShettyPage_Test - successfully got the cookies and its values which are on the webpage
09:53:03.911 [main] INFO  com.NewAutomationProject.testCases.TC_001_RahulShettyPage_Test - successfully has switched into the frame
09:53:04.523 [main] INFO  com.NewAutomationProject.testCases.TC_001_RahulShettyPage_Test - successfully clicked on the courses link on the webtable
09:53:35.859 [main] INFO  com.NewAutomationProject.testCases.TC_001_RahulShettyPage_Test - successfully has checked the broken links on the webpage
09:53:35.869 [main] INFO  com.NewAutomationProject.testCases.TC_001_RahulShettyPage_Test - successfully has verified the broken links on the webpage
09:53:35.893 [main] INFO  com.NewAutomationProject.testCases.TC_001_RahulShettyPage_Test - successfully has scrolled the page till the bottom of it
