09:35:19.453 [main] INFO  com.NewAutomationProject.testCases.TC_001_RahulShettyPage_Test - successfully has selected the all the last two checkboxes
09:35:19.619 [main] INFO  com.NewAutomationProject.testCases.TC_001_RahulShettyPage_Test - successfully clicked on the alert
09:35:19.720 [main] INFO  com.NewAutomationProject.testCases.TC_001_RahulShettyPage_Test - successfully has scrolled upto the webtable text
09:35:19.755 [main] INFO  com.NewAutomationProject.testCases.TC_001_RahulShettyPage_Test - successfully got the size of the WebTable
09:35:21.048 [main] INFO  com.NewAutomationProject.testCases.TC_001_RahulShettyPage_Test - successfully got the size of the Webtable
09:35:21.090 [main] INFO  com.NewAutomationProject.testCases.TC_001_RahulShettyPage_Test - successfully got the specific data from the webtable and printed it successfully
09:35:21.134 [main] INFO  com.NewAutomationProject.testCases.TC_001_RahulShettyPage_Test - successfully has scrolled uptp the text of mouse Hover
09:35:22.347 [main] INFO  com.NewAutomationProject.testCases.TC_001_RahulShettyPage_Test - successfully has performed the mouse hover action using the actions class on the webpage
09:35:22.387 [main] INFO  com.NewAutomationProject.testCases.TC_001_RahulShettyPage_Test - successfully got the total numbers of the links on the webtable
09:35:22.986 [main] INFO  com.NewAutomationProject.testCases.TC_001_RahulShettyPage_Test - successfully got the text of the links on the webpage
09:35:23.010 [main] INFO  com.NewAutomationProject.testCases.TC_001_RahulShettyPage_Test - successfully got the cookies and its values which are on the webpage
09:35:23.059 [main] INFO  com.NewAutomationProject.testCases.TC_001_RahulShettyPage_Test - successfully has switched into the frame
09:35:23.317 [main] INFO  com.NewAutomationProject.testCases.TC_001_RahulShettyPage_Test - successfully clicked on the courses link on the webtable
09:39:42.498 [main] INFO  com.NewAutomationProject.testCases.TC_001_RahulShettyPage_Test - successfully has performed all the raddio button operations
09:39:42.710 [main] INFO  com.NewAutomationProject.testCases.TC_001_RahulShettyPage_Test - successfully has selected the second radion button
09:39:42.897 [main] INFO  com.NewAutomationProject.testCases.TC_001_RahulShettyPage_Test - successfully got the size of all the checkBoxes
09:39:43.179 [main] INFO  com.NewAutomationProject.testCases.TC_001_RahulShettyPage_Test - successfully has selected the all the last two checkboxes
09:39:43.310 [main] INFO  com.NewAutomationProject.testCases.TC_001_RahulShettyPage_Test - successfully clicked on the alert
09:39:43.459 [main] INFO  com.NewAutomationProject.testCases.TC_001_RahulShettyPage_Test - successfully has scrolled upto the webtable text
09:39:43.485 [main] INFO  com.NewAutomationProject.testCases.TC_001_RahulShettyPage_Test - successfully got the size of the WebTable
09:39:44.498 [main] INFO  com.NewAutomationProject.testCases.TC_001_RahulShettyPage_Test - successfully got the size of the Webtable
09:39:44.523 [main] INFO  com.NewAutomationProject.testCases.TC_001_RahulShettyPage_Test - successfully got the specific data from the webtable and printed it successfully
09:39:44.559 [main] INFO  com.NewAutomationProject.testCases.TC_001_RahulShettyPage_Test - successfully has scrolled uptp the text of mouse Hover
09:39:45.865 [main] INFO  com.NewAutomationProject.testCases.TC_001_RahulShettyPage_Test - successfully has performed the mouse hover action using the actions class on the webpage
09:39:45.916 [main] INFO  com.NewAutomationProject.testCases.TC_001_RahulShettyPage_Test - successfully got the total numbers of the links on the webtable
09:39:46.393 [main] INFO  com.NewAutomationProject.testCases.TC_001_RahulShettyPage_Test - successfully got the text of the links on the webpage
09:39:46.410 [main] INFO  com.NewAutomationProject.testCases.TC_001_RahulShettyPage_Test - successfully got the cookies and its values which are on the webpage
09:39:46.461 [main] INFO  com.NewAutomationProject.testCases.TC_001_RahulShettyPage_Test - successfully has switched into the frame
09:39:46.964 [main] INFO  com.NewAutomationProject.testCases.TC_001_RahulShettyPage_Test - successfully clicked on the courses link on the webtable
13:04:52.809 [main] INFO  com.NewAutomationProject.testCases.TC_001_RahulShettyPage_Test - successfully has performed all the raddio button operations
13:04:53.342 [main] INFO  com.NewAutomationProject.testCases.TC_001_RahulShettyPage_Test - successfully has selected the second radion button
13:04:53.529 [main] INFO  com.NewAutomationProject.testCases.TC_001_RahulShettyPage_Test - successfully got the size of all the checkBoxes
13:04:53.770 [main] INFO  com.NewAutomationProject.testCases.TC_001_RahulShettyPage_Test - successfully has selected the all the last two checkboxes
13:04:53.892 [main] INFO  com.NewAutomationProject.testCases.TC_001_RahulShettyPage_Test - successfully clicked on the alert
