15:18:47.553 [TestNG-test=Test1-2] INFO  com.NewAutomationProject.testCases.TC_008_Guru99LoginLinkScreenshotTest - successfully has entered the date of birth
15:18:47.615 [TestNG-test=Test1-2] INFO  com.NewAutomationProject.testCases.TC_008_Guru99LoginLinkScreenshotTest - clicked on the selenium DropDown
15:18:49.797 [TestNG-test=Test1-2] INFO  com.NewAutomationProject.testCases.TC_008_Guru99LoginLinkScreenshotTest - successfully clicked on the file upload links
15:18:49.884 [TestNG-test=Test1-2] INFO  com.NewAutomationProject.testCases.TC_008_Guru99LoginLinkScreenshotTest - successfully upload the file
15:18:49.967 [TestNG-test=Test1-2] INFO  com.NewAutomationProject.testCases.TC_008_Guru99LoginLinkScreenshotTest - clicked on the selenium DropDown
15:18:50.010 [TestNG-test=Test1-2] INFO  com.NewAutomationProject.testCases.TC_008_Guru99LoginLinkScreenshotTest - successfully scroll the page upto sumbmit button
15:18:51.366 [TestNG-test=Test1-2] INFO  com.NewAutomationProject.testCases.TC_008_Guru99LoginLinkScreenshotTest - successfully cliked on the cookies Demo link
15:18:51.713 [TestNG-test=Test1-2] INFO  com.NewAutomationProject.testCases.TC_008_Guru99LoginLinkScreenshotTest - got the cookies successfully
15:18:51.751 [TestNG-test=Test1-2] INFO  com.NewAutomationProject.testCases.TC_008_Guru99LoginLinkScreenshotTest - successfully handled all the cookies from the browser
15:19:09.335 [TestNG-test=Test1-1] INFO  com.NewAutomationProject.testCases.TC_001_RahulShettyHomeTest - captured the total radio button size 
15:19:38.499 [TestNG-test=Test1-1] INFO  com.NewAutomationProject.testCases.TC_008_Guru99LoginLinkScreenshotTest - successfully entered email address
15:19:39.400 [TestNG-test=Test1-1] INFO  com.NewAutomationProject.testCases.TC_001_RahulShettyHomeTest - selected the dropDown
15:19:40.987 [TestNG-test=Test1-1] INFO  com.NewAutomationProject.testCases.TC_008_Guru99LoginLinkScreenshotTest - clicked on submit button and navigate to the Dashboard page
15:19:41.037 [TestNG-test=Test1-1] INFO  com.NewAutomationProject.testCases.TC_008_Guru99LoginLinkScreenshotTest - assertion condition is true
15:19:41.146 [TestNG-test=Test1-1] INFO  com.NewAutomationProject.testCases.TC_008_Guru99LoginLinkScreenshotTest - clicked on the selenium DropDown
15:19:42.854 [TestNG-test=Test1-1] INFO  com.NewAutomationProject.testCases.TC_008_Guru99LoginLinkScreenshotTest - successfully clicked on the Table Demo
15:19:42.903 [TestNG-test=Test1-1] INFO  com.NewAutomationProject.testCases.TC_008_Guru99LoginLinkScreenshotTest - table size got successfully
15:19:43.072 [TestNG-test=Test1-1] INFO  com.NewAutomationProject.testCases.TC_008_Guru99LoginLinkScreenshotTest - got the second row data successfully
15:19:43.161 [TestNG-test=Test1-1] INFO  com.NewAutomationProject.testCases.TC_008_Guru99LoginLinkScreenshotTest - got the sum,average successfully 
15:19:43.245 [TestNG-test=Test1-1] INFO  com.NewAutomationProject.testCases.TC_008_Guru99LoginLinkScreenshotTest - clicked on the selenium DropDown
15:19:43.882 [TestNG-test=Test1-1] INFO  com.NewAutomationProject.testCases.TC_008_Guru99LoginLinkScreenshotTest - clicked on the accessing the link
15:19:43.924 [TestNG-test=Test1-1] INFO  com.NewAutomationProject.testCases.TC_008_Guru99LoginLinkScreenshotTest - got all the links from the WebPage
15:19:44.012 [TestNG-test=Test1-1] INFO  com.NewAutomationProject.testCases.TC_008_Guru99LoginLinkScreenshotTest - clicked on the selenium DropDown
15:19:46.709 [TestNG-test=Test1-1] INFO  com.NewAutomationProject.testCases.TC_008_Guru99LoginLinkScreenshotTest - successfully clicked on the drag and drop link
15:19:47.260 [TestNG-test=Test1-1] INFO  com.NewAutomationProject.testCases.TC_008_Guru99LoginLinkScreenshotTest - successfully draged and drop on the box
15:19:47.448 [TestNG-test=Test1-1] INFO  com.NewAutomationProject.testCases.TC_008_Guru99LoginLinkScreenshotTest - clicked on the selenium DropDown
15:19:47.514 [TestNG-test=Test1-1] INFO  com.NewAutomationProject.testCases.TC_008_Guru99LoginLinkScreenshotTest - successfully scrolled the page for datepicker handling
15:19:48.306 [TestNG-test=Test1-1] INFO  com.NewAutomationProject.testCases.TC_008_Guru99LoginLinkScreenshotTest - successfully clicked on the Dateikcker Icon
15:19:48.401 [TestNG-test=Test1-1] INFO  com.NewAutomationProject.testCases.TC_008_Guru99LoginLinkScreenshotTest - successfully has entered the date of birth
15:19:48.484 [TestNG-test=Test1-1] INFO  com.NewAutomationProject.testCases.TC_008_Guru99LoginLinkScreenshotTest - clicked on the selenium DropDown
15:19:50.740 [TestNG-test=Test1-1] INFO  com.NewAutomationProject.testCases.TC_008_Guru99LoginLinkScreenshotTest - successfully clicked on the file upload links
15:19:50.851 [TestNG-test=Test1-1] INFO  com.NewAutomationProject.testCases.TC_008_Guru99LoginLinkScreenshotTest - successfully upload the file
15:19:50.987 [TestNG-test=Test1-1] INFO  com.NewAutomationProject.testCases.TC_008_Guru99LoginLinkScreenshotTest - clicked on the selenium DropDown
15:19:51.038 [TestNG-test=Test1-1] INFO  com.NewAutomationProject.testCases.TC_008_Guru99LoginLinkScreenshotTest - successfully scroll the page upto sumbmit button
