13:48:40.874 [main] INFO  com.NewAutomationProject.testCases.TC_001_RahulShettyPage_Test - successfully got the title of the webpage
13:48:40.937 [main] INFO  com.NewAutomationProject.testCases.TC_001_RahulShettyPage_Test - successfully handled the home button in order to is it enabled or disabled
13:48:41.009 [main] INFO  com.NewAutomationProject.testCases.TC_001_RahulShettyPage_Test - successfully is handled that page is displaying or not
13:48:41.031 [main] INFO  com.NewAutomationProject.testCases.TC_001_RahulShettyPage_Test - successfully has performed all the raddio button operations
13:48:41.197 [main] INFO  com.NewAutomationProject.testCases.TC_001_RahulShettyPage_Test - successfully has selected the second radion button
13:48:41.368 [main] INFO  com.NewAutomationProject.testCases.TC_001_RahulShettyPage_Test - successfully got the size of all the checkBoxes
13:48:41.593 [main] INFO  com.NewAutomationProject.testCases.TC_001_RahulShettyPage_Test - successfully has selected the all the last two checkboxes
13:48:41.707 [main] INFO  com.NewAutomationProject.testCases.TC_001_RahulShettyPage_Test - successfully clicked on the alert
13:48:41.793 [main] INFO  com.NewAutomationProject.testCases.TC_001_RahulShettyPage_Test - successfully has scrolled upto the webtable text
13:48:41.830 [main] INFO  com.NewAutomationProject.testCases.TC_001_RahulShettyPage_Test - successfully got the size of the WebTable
13:48:42.707 [main] INFO  com.NewAutomationProject.testCases.TC_001_RahulShettyPage_Test - successfully got the size of the Webtable
13:48:42.727 [main] INFO  com.NewAutomationProject.testCases.TC_001_RahulShettyPage_Test - successfully got the specific data from the webtable and printed it successfully
13:48:42.756 [main] INFO  com.NewAutomationProject.testCases.TC_001_RahulShettyPage_Test - successfully has scrolled uptp the text of mouse Hover
13:48:43.923 [main] INFO  com.NewAutomationProject.testCases.TC_001_RahulShettyPage_Test - successfully has performed the mouse hover action using the actions class on the webpage
13:48:43.951 [main] INFO  com.NewAutomationProject.testCases.TC_001_RahulShettyPage_Test - successfully got the total numbers of the links on the webtable
13:48:44.389 [main] INFO  com.NewAutomationProject.testCases.TC_001_RahulShettyPage_Test - successfully got the text of the links on the webpage
13:48:44.404 [main] INFO  com.NewAutomationProject.testCases.TC_001_RahulShettyPage_Test - successfully got the cookies and its values which are on the webpage
13:48:44.432 [main] INFO  com.NewAutomationProject.testCases.TC_001_RahulShettyPage_Test - successfully has switched into the frame
13:48:44.913 [main] INFO  com.NewAutomationProject.testCases.TC_001_RahulShettyPage_Test - successfully clicked on the courses link on the webtable
13:49:09.810 [main] INFO  com.NewAutomationProject.testCases.TC_001_RahulShettyPage_Test - successfully checked that radio button is selcted or not on the webpage
13:49:09.829 [main] INFO  com.NewAutomationProject.testCases.TC_001_RahulShettyPage_Test - successfully got the title of the webpage
13:49:09.892 [main] INFO  com.NewAutomationProject.testCases.TC_001_RahulShettyPage_Test - successfully handled the home button in order to is it enabled or disabled
13:49:09.979 [main] INFO  com.NewAutomationProject.testCases.TC_001_RahulShettyPage_Test - successfully is handled that page is displaying or not
13:49:10.000 [main] INFO  com.NewAutomationProject.testCases.TC_001_RahulShettyPage_Test - successfully has performed all the raddio button operations
13:49:10.204 [main] INFO  com.NewAutomationProject.testCases.TC_001_RahulShettyPage_Test - successfully has selected the second radion button
13:49:10.339 [main] INFO  com.NewAutomationProject.testCases.TC_001_RahulShettyPage_Test - successfully got the size of all the checkBoxes
13:49:10.616 [main] INFO  com.NewAutomationProject.testCases.TC_001_RahulShettyPage_Test - successfully has selected the all the last two checkboxes
13:49:10.729 [main] INFO  com.NewAutomationProject.testCases.TC_001_RahulShettyPage_Test - successfully clicked on the alert
13:49:10.786 [main] INFO  com.NewAutomationProject.testCases.TC_001_RahulShettyPage_Test - successfully has scrolled upto the webtable text
13:49:10.813 [main] INFO  com.NewAutomationProject.testCases.TC_001_RahulShettyPage_Test - successfully got the size of the WebTable
13:49:11.676 [main] INFO  com.NewAutomationProject.testCases.TC_001_RahulShettyPage_Test - successfully got the size of the Webtable
13:49:11.706 [main] INFO  com.NewAutomationProject.testCases.TC_001_RahulShettyPage_Test - successfully got the specific data from the webtable and printed it successfully
13:49:11.734 [main] INFO  com.NewAutomationProject.testCases.TC_001_RahulShettyPage_Test - successfully has scrolled uptp the text of mouse Hover
13:49:13.412 [main] INFO  com.NewAutomationProject.testCases.TC_001_RahulShettyPage_Test - successfully has performed the mouse hover action using the actions class on the webpage
