13:35:58.196 [main] INFO  com.NewAutomationProject.testCases.TC_002_DemoQaMainPage_CheckBox_Test - enterd the address successfully
13:35:58.265 [main] INFO  com.NewAutomationProject.testCases.TC_002_DemoQaMainPage_CheckBox_Test - scrolled the page successfully
13:35:58.393 [main] INFO  com.NewAutomationProject.testCases.TC_002_DemoQaMainPage_CheckBox_Test - entered a permanent address
13:35:58.470 [main] INFO  com.NewAutomationProject.testCases.TC_002_DemoQaMainPage_CheckBox_Test - clicked on the submit button successfully
13:35:58.575 [main] INFO  com.NewAutomationProject.testCases.TC_002_DemoQaMainPage_CheckBox_Test - clicked on checkbox successfully
13:35:58.716 [main] INFO  com.NewAutomationProject.testCases.TC_002_DemoQaMainPage_CheckBox_Test - clicked on drp checkbox 
14:20:01.384 [main] INFO  com.NewAutomationProject.testCases.TC_002_DemoQaMainPage_CheckBox_Test - clicked on the textbox btn successfully
14:20:01.583 [main] INFO  com.NewAutomationProject.testCases.TC_002_DemoQaMainPage_CheckBox_Test - entered the full name 
14:20:01.787 [main] INFO  com.NewAutomationProject.testCases.TC_002_DemoQaMainPage_CheckBox_Test - entered the email successfully
14:20:01.918 [main] INFO  com.NewAutomationProject.testCases.TC_002_DemoQaMainPage_CheckBox_Test - enterd the address successfully
14:20:01.959 [main] INFO  com.NewAutomationProject.testCases.TC_002_DemoQaMainPage_CheckBox_Test - scrolled the page successfully
14:20:02.063 [main] INFO  com.NewAutomationProject.testCases.TC_002_DemoQaMainPage_CheckBox_Test - entered a permanent address
14:20:02.140 [main] INFO  com.NewAutomationProject.testCases.TC_002_DemoQaMainPage_CheckBox_Test - clicked on the submit button successfully
14:20:02.231 [main] INFO  com.NewAutomationProject.testCases.TC_002_DemoQaMainPage_CheckBox_Test - clicked on checkbox successfully
14:20:02.324 [main] INFO  com.NewAutomationProject.testCases.TC_002_DemoQaMainPage_CheckBox_Test - clicked on drp checkbox 
14:20:02.351 [main] INFO  com.NewAutomationProject.testCases.TC_002_DemoQaMainPage_CheckBox_Test - printed all the checkboxes over the webpage
14:21:50.324 [main] INFO  com.NewAutomationProject.testCases.TC_002_DemoQaMainPage_CheckBox_Test - clicked on the textbox btn successfully
14:21:50.497 [main] INFO  com.NewAutomationProject.testCases.TC_002_DemoQaMainPage_CheckBox_Test - entered the full name 
14:21:50.634 [main] INFO  com.NewAutomationProject.testCases.TC_002_DemoQaMainPage_CheckBox_Test - entered the email successfully
14:21:50.772 [main] INFO  com.NewAutomationProject.testCases.TC_002_DemoQaMainPage_CheckBox_Test - enterd the address successfully
14:21:50.814 [main] INFO  com.NewAutomationProject.testCases.TC_002_DemoQaMainPage_CheckBox_Test - scrolled the page successfully
14:21:50.974 [main] INFO  com.NewAutomationProject.testCases.TC_002_DemoQaMainPage_CheckBox_Test - entered a permanent address
14:21:51.124 [main] INFO  com.NewAutomationProject.testCases.TC_002_DemoQaMainPage_CheckBox_Test - clicked on the submit button successfully
14:21:51.361 [main] INFO  com.NewAutomationProject.testCases.TC_002_DemoQaMainPage_CheckBox_Test - clicked on checkbox successfully
14:21:51.456 [main] INFO  com.NewAutomationProject.testCases.TC_002_DemoQaMainPage_CheckBox_Test - clicked on drp checkbox 
14:22:21.524 [main] INFO  com.NewAutomationProject.testCases.TC_002_DemoQaMainPage_CheckBox_Test - printed all the checkboxes over the webpage
14:23:40.226 [main] INFO  com.NewAutomationProject.testCases.TC_002_DemoQaMainPage_CheckBox_Test - clicked on the textbox btn successfully
14:23:40.444 [main] INFO  com.NewAutomationProject.testCases.TC_002_DemoQaMainPage_CheckBox_Test - entered the full name 
14:23:40.620 [main] INFO  com.NewAutomationProject.testCases.TC_002_DemoQaMainPage_CheckBox_Test - entered the email successfully
14:23:40.770 [main] INFO  com.NewAutomationProject.testCases.TC_002_DemoQaMainPage_CheckBox_Test - enterd the address successfully
14:23:40.801 [main] INFO  com.NewAutomationProject.testCases.TC_002_DemoQaMainPage_CheckBox_Test - scrolled the page successfully
14:23:40.914 [main] INFO  com.NewAutomationProject.testCases.TC_002_DemoQaMainPage_CheckBox_Test - entered a permanent address
14:23:40.993 [main] INFO  com.NewAutomationProject.testCases.TC_002_DemoQaMainPage_CheckBox_Test - clicked on the submit button successfully
14:23:41.087 [main] INFO  com.NewAutomationProject.testCases.TC_002_DemoQaMainPage_CheckBox_Test - clicked on checkbox successfully
14:23:41.203 [main] INFO  com.NewAutomationProject.testCases.TC_002_DemoQaMainPage_CheckBox_Test - clicked on drp checkbox 
14:23:41.248 [main] INFO  com.NewAutomationProject.testCases.TC_002_DemoQaMainPage_CheckBox_Test - printed all the checkboxes over the webpage
14:24:57.664 [main] INFO  com.NewAutomationProject.testCases.TC_002_DemoQaMainPage_CheckBox_Test - clicked on the textbox btn successfully
14:24:57.855 [main] INFO  com.NewAutomationProject.testCases.TC_002_DemoQaMainPage_CheckBox_Test - entered the full name 
